2026-02-13 17:29:41,337 - INFO - Music Library Path: C:\Users\Administrator\Documents\js学习\2FMusic-not-need-vip-1\Music
2026-02-13 17:29:41,342 - INFO - 监听目录: C:\Users\Administrator\Documents\js学习\2FMusic-not-need-vip-1\Music
2026-02-13 17:29:41,353 - INFO - 服务启动，端口: 23237 ...
2026-02-13 17:29:41,353 - INFO - 文件监听服务已启动
2026-02-13 17:29:41,353 - INFO - 数据库初始化完成。
2026-02-13 17:29:41,354 - INFO - 开始增量扫描...
2026-02-13 17:29:41,355 - INFO - 扫描完成。
2026-02-13 17:29:41,355 - INFO - 开始自动刮削缺失元数据... 
2026-02-13 17:29:41,356 - INFO - 没有需要刮削的歌曲。
2026-02-13 17:29:41,369 - INFO - 数据库初始化完成。
2026-02-13 17:29:41,406 - INFO - API请求: 获取音乐列表
2026-02-13 17:29:41,407 - INFO - API请求: 获取所有收藏夹歌曲
2026-02-13 17:29:41,408 - INFO - 返回音乐数量: 0
2026-02-13 17:29:41,408 - INFO - API请求: 获取所有收藏夹
2026-02-13 17:29:41,409 - INFO - 获取所有收藏夹歌曲成功，共 0 首歌曲
2026-02-13 17:29:41,410 - INFO - 获取收藏夹成功，共 1 个收藏夹
2026-02-13 17:29:41,420 - INFO - API请求: 获取收藏夹歌曲，收藏夹ID: default
2026-02-13 17:29:41,421 - INFO - 获取收藏夹歌曲成功，收藏夹ID: default，共 0 首歌曲
2026-02-13 17:29:42,132 - INFO - 接收到信号 (2)，正在准备关闭服务...
2026-02-13 17:29:42,132 - INFO - 正在停止文件监听服务...
2026-02-13 17:29:42,133 - INFO - 服务已停止
